obj\Debug\netstandard2.1\blazor\linker\Blazor.FlexGrid.dll
obj\Debug\netstandard2.1\blazor\linker\Blazored.LocalStorage.dll
obj\Debug\netstandard2.1\blazor\linker\FluentValidation.dll
obj\Debug\netstandard2.1\blazor\linker\MatBlazor.dll
obj\Debug\netstandard2.1\blazor\linker\Microsoft.AspNetCore.Authorization.dll
obj\Debug\netstandard2.1\blazor\linker\Microsoft.AspNetCore.Blazor.dll
obj\Debug\netstandard2.1\blazor\linker\Microsoft.AspNetCore.Blazor.HttpClient.dll
obj\Debug\netstandard2.1\blazor\linker\Microsoft.AspNetCore.Components.dll
obj\Debug\netstandard2.1\blazor\linker\Microsoft.AspNetCore.Components.Forms.dll
obj\Debug\netstandard2.1\blazor\linker\Microsoft.AspNetCore.Components.Web.dll
obj\Debug\netstandard2.1\blazor\linker\Microsoft.AspNetCore.Http.Abstractions.dll
obj\Debug\netstandard2.1\blazor\linker\Microsoft.AspNetCore.Http.Extensions.dll
obj\Debug\netstandard2.1\blazor\linker\Microsoft.AspNetCore.Http.Features.dll
obj\Debug\netstandard2.1\blazor\linker\Microsoft.AspNetCore.Metadata.dll
obj\Debug\netstandard2.1\blazor\linker\Microsoft.AspNetCore.WebUtilities.dll
obj\Debug\netstandard2.1\blazor\linker\Microsoft.Bcl.AsyncInterfaces.dll
obj\Debug\netstandard2.1\blazor\linker\Microsoft.CSharp.dll
obj\Debug\netstandard2.1\blazor\linker\Microsoft.Extensions.Configuration.Abstractions.dll
obj\Debug\netstandard2.1\blazor\linker\Microsoft.Extensions.Configuration.Binder.dll
obj\Debug\netstandard2.1\blazor\linker\Microsoft.Extensions.Configuration.dll
obj\Debug\netstandard2.1\blazor\linker\Microsoft.Extensions.Configuration.FileExtensions.dll
obj\Debug\netstandard2.1\blazor\linker\Microsoft.Extensions.Configuration.Json.dll
obj\Debug\netstandard2.1\blazor\linker\Microsoft.Extensions.DependencyInjection.Abstractions.dll
obj\Debug\netstandard2.1\blazor\linker\Microsoft.Extensions.DependencyInjection.dll
obj\Debug\netstandard2.1\blazor\linker\Microsoft.Extensions.FileProviders.Abstractions.dll
obj\Debug\netstandard2.1\blazor\linker\Microsoft.Extensions.FileProviders.Physical.dll
obj\Debug\netstandard2.1\blazor\linker\Microsoft.Extensions.FileSystemGlobbing.dll
obj\Debug\netstandard2.1\blazor\linker\Microsoft.Extensions.Logging.Abstractions.dll
obj\Debug\netstandard2.1\blazor\linker\Microsoft.Extensions.Logging.Configuration.dll
obj\Debug\netstandard2.1\blazor\linker\Microsoft.Extensions.Logging.Console.dll
obj\Debug\netstandard2.1\blazor\linker\Microsoft.Extensions.Logging.dll
obj\Debug\netstandard2.1\blazor\linker\Microsoft.Extensions.Options.ConfigurationExtensions.dll
obj\Debug\netstandard2.1\blazor\linker\Microsoft.Extensions.Options.dll
obj\Debug\netstandard2.1\blazor\linker\Microsoft.Extensions.Primitives.dll
obj\Debug\netstandard2.1\blazor\linker\Microsoft.JSInterop.dll
obj\Debug\netstandard2.1\blazor\linker\Microsoft.Net.Http.Headers.dll
obj\Debug\netstandard2.1\blazor\linker\Mono.Security.dll
obj\Debug\netstandard2.1\blazor\linker\Mono.WebAssembly.Interop.dll
obj\Debug\netstandard2.1\blazor\linker\mscorlib.dll
obj\Debug\netstandard2.1\blazor\linker\netstandard.dll
obj\Debug\netstandard2.1\blazor\linker\Newtonsoft.Json.dll
obj\Debug\netstandard2.1\blazor\linker\PeterLeslieMorris.Blazor.FluentValidation.dll
obj\Debug\netstandard2.1\blazor\linker\PeterLeslieMorris.Blazor.Validation.dll
obj\Debug\netstandard2.1\blazor\linker\PuppeteerSharp.dll
obj\Debug\netstandard2.1\blazor\linker\S3.WebUI.cBlazor.dll
obj\Debug\netstandard2.1\blazor\linker\System.ComponentModel.DataAnnotations.dll
obj\Debug\netstandard2.1\blazor\linker\System.Core.dll
obj\Debug\netstandard2.1\blazor\linker\System.dll
obj\Debug\netstandard2.1\blazor\linker\System.IO.Compression.dll
obj\Debug\netstandard2.1\blazor\linker\System.IO.Compression.FileSystem.dll
obj\Debug\netstandard2.1\blazor\linker\System.Linq.Dynamic.Core.dll
obj\Debug\netstandard2.1\blazor\linker\System.Net.Http.dll
obj\Debug\netstandard2.1\blazor\linker\System.Numerics.dll
obj\Debug\netstandard2.1\blazor\linker\System.Runtime.CompilerServices.Unsafe.dll
obj\Debug\netstandard2.1\blazor\linker\System.Runtime.Serialization.dll
obj\Debug\netstandard2.1\blazor\linker\System.Text.Encodings.Web.dll
obj\Debug\netstandard2.1\blazor\linker\System.Text.Json.dll
obj\Debug\netstandard2.1\blazor\linker\System.Xml.dll
obj\Debug\netstandard2.1\blazor\linker\System.Xml.Linq.dll
obj\Debug\netstandard2.1\blazor\linker\WebAssembly.Bindings.dll
obj\Debug\netstandard2.1\blazor\linker\WebAssembly.Net.Http.dll
